Buildfile: build.xml

init:
     [echo] Init...
   [delete] Deleting directory D:\workspace\bbossgroups-3.2\bboss-soa\distrib
    [mkdir] Created dir: D:\workspace\bbossgroups-3.2\bboss-soa\classes-bboss-soa
    [mkdir] Created dir: D:\workspace\bbossgroups-3.2\bboss-soa\distrib

compile-frameworkset-soa:
     [echo] compile the frameworkset-soa source ...
    [javac] Compiling 3 source files to D:\workspace\bbossgroups-3.2\bboss-soa\classes-bboss-soa
    [javac] [解析开始时间 D:\workspace\bbossgroups-3.2\bboss-soa\src\org\frameworkset\soa\ObjectSerializable.java]
    [javac] [解析已完成时间 78ms]
    [javac] [解析开始时间 D:\workspace\bbossgroups-3.2\bboss-soa\src\org\frameworkset\soa\SOAMethodCall.java]
    [javac] [解析已完成时间 0ms]
    [javac] [解析开始时间 D:\workspace\bbossgroups-3.2\bboss-soa\src\org\frameworkset\soa\SOAMethodInfo.java]
    [javac] [解析已完成时间 0ms]
    [javac] [源文件的搜索路径： D:\workspace\bbossgroups-3.2\bboss-soa\src]
    [javac] [类文件的搜索路径： E:\environment\jdk16\jre\lib\resources.jar,E:\environment\jdk16\jre\lib\rt.jar,E:\environment\jdk16\jre\lib\sunrsasign.jar,E:\environment\jdk16\jre\lib\jsse.jar,E:\environment\jdk16\jre\lib\jce.jar,E:\environment\jdk16\jre\lib\charsets.jar,E:\environment\jdk16\jre\classes,E:\environment\jdk16\jre\lib\ext\dnsns.jar,E:\environment\jdk16\jre\lib\ext\localedata.jar,E:\environment\jdk16\jre\lib\ext\sunjce_provider.jar,E:\environment\jdk16\jre\lib\ext\sunmscapi.jar,E:\environment\jdk16\jre\lib\ext\sunpkcs11.jar,D:\workspace\bbossgroups-3.2\bboss-soa\classes-bboss-soa,D:\workspace\bbossgroups-3.2\bboss-soa\lib\bboss-aop.jar,D:\workspace\bbossgroups-3.2\bboss-soa\lib\cglib-2.2.jar,D:\workspace\bbossgroups-3.2\bboss-soa\lib\frameworkset-util.jar,D:\workspace\bbossgroups-3.2\bboss-soa\lib\log4j-1.2.14.jar,E:\environment\apache-ant-1.7.1\lib\ant-launcher.jar,E:\environment\apache-ant-1.7.1\lib\ant-antlr.jar,E:\environment\apache-ant-1.7.1\lib\ant-apache-bcel.jar,E:\environment\apache-ant-1.7.1\lib\ant-apache-bsf.jar,E:\environment\apache-ant-1.7.1\lib\ant-apache-log4j.jar,E:\environment\apache-ant-1.7.1\lib\ant-apache-oro.jar,E:\environment\apache-ant-1.7.1\lib\ant-apache-regexp.jar,E:\environment\apache-ant-1.7.1\lib\ant-apache-resolver.jar,E:\environment\apache-ant-1.7.1\lib\ant-commons-logging.jar,E:\environment\apache-ant-1.7.1\lib\ant-commons-net.jar,E:\environment\apache-ant-1.7.1\lib\ant-contrib-1.0b3.jar,E:\environment\apache-ant-1.7.1\lib\ant-jai.jar,E:\environment\apache-ant-1.7.1\lib\ant-javamail.jar,E:\environment\apache-ant-1.7.1\lib\ant-jdepend.jar,E:\environment\apache-ant-1.7.1\lib\ant-jmf.jar,E:\environment\apache-ant-1.7.1\lib\ant-jsch.jar,E:\environment\apache-ant-1.7.1\lib\ant-junit.jar,E:\environment\apache-ant-1.7.1\lib\ant-netrexx.jar,E:\environment\apache-ant-1.7.1\lib\ant-nodeps.jar,E:\environment\apache-ant-1.7.1\lib\ant-starteam.jar,E:\environment\apache-ant-1.7.1\lib\ant-stylebook.jar,E:\environment\apache-ant-1.7.1\lib\ant-swing.jar,E:\environment\apache-ant-1.7.1\lib\ant-testutil.jar,E:\environment\apache-ant-1.7.1\lib\ant-trax.jar,E:\environment\apache-ant-1.7.1\lib\ant-weblogic.jar,E:\environment\apache-ant-1.7.1\lib\ant.jar,E:\environment\apache-ant-1.7.1\lib\ganymed.jar,E:\environment\apache-ant-1.7.1\lib\svnant.jar,E:\environment\apache-ant-1.7.1\lib\svnClientAdapter.jar,E:\environment\apache-ant-1.7.1\lib\svnjavahl.jar,E:\environment\apache-ant-1.7.1\lib\svnkit-javahl.jar,E:\environment\apache-ant-1.7.1\lib\svnkit.jar,E:\environment\apache-ant-1.7.1\lib\xercesImpl.jar,E:\environment\apache-ant-1.7.1\lib\xml-apis.jar,E:\environment\jdk16\lib\tools.jar]
    [javac] [正在装入 java\beans\BeanInfo.class(java\beans:BeanInfo.class)]
    [javac] [正在装入 java\beans\IntrospectionException.class(java\beans:IntrospectionException.class)]
    [javac] [正在装入 java\beans\Introspector.class(java\beans:Introspector.class)]
    [javac] [正在装入 java\beans\PropertyDescriptor.class(java\beans:PropertyDescriptor.class)]
    [javac] [正在装入 java\io\File.class(java\io:File.class)]
    [javac] [正在装入 java\io\FileNotFoundException.class(java\io:FileNotFoundException.class)]
    [javac] [正在装入 java\io\IOException.class(java\io:IOException.class)]
    [javac] [正在装入 java\io\InputStream.class(java\io:InputStream.class)]
    [javac] [正在装入 java\io\PrintWriter.class(java\io:PrintWriter.class)]
    [javac] [正在装入 java\io\StringWriter.class(java\io:StringWriter.class)]
    [javac] [正在装入 java\io\Writer.class(java\io:Writer.class)]
    [javac] [正在装入 java\lang\reflect\Array.class(java\lang\reflect:Array.class)]
    [javac] [正在装入 java\lang\reflect\InvocationTargetException.class(java\lang\reflect:InvocationTargetException.class)]
    [javac] [正在装入 java\lang\reflect\Method.class(java\lang\reflect:Method.class)]
    [javac] [正在装入 java\util\Iterator.class(java\util:Iterator.class)]
    [javac] [正在装入 java\util\List.class(java\util:List.class)]
    [javac] [正在装入 java\util\Map.class(java\util:Map.class)]
    [javac] [正在装入 java\util\Set.class(java\util:Set.class)]
    [javac] [正在装入 org\frameworkset\spi\SOAApplicationContext.class(org\frameworkset\spi:SOAApplicationContext.class)]
    [javac] [正在装入 com\frameworkset\spi\assemble\BeanInstanceException.class(com\frameworkset\spi\assemble:BeanInstanceException.class)]
    [javac] [正在装入 com\frameworkset\spi\assemble\CurrentlyInCreationException.class(com\frameworkset\spi\assemble:CurrentlyInCreationException.class)]
    [javac] [正在装入 com\frameworkset\util\NoSupportTypeCastException.class(com\frameworkset\util:NoSupportTypeCastException.class)]
    [javac] [正在装入 com\frameworkset\util\ValueObjectUtil.class(com\frameworkset\util:ValueObjectUtil.class)]
    [javac] [正在装入 java\lang\Object.class(java\lang:Object.class)]
    [javac] [正在装入 java\lang\String.class(java\lang:String.class)]
    [javac] [正在装入 java\lang\Class.class(java\lang:Class.class)]
    [javac] [正在装入 java\lang\NumberFormatException.class(java\lang:NumberFormatException.class)]
    [javac] [正在装入 java\lang\IllegalArgumentException.class(java\lang:IllegalArgumentException.class)]
    [javac] [正在检查 org.frameworkset.soa.ObjectSerializable]
    [javac] [正在装入 java\net\URL.class(java\net:URL.class)]
    [javac] [正在装入 org\frameworkset\spi\DefaultApplicationContext.class(org\frameworkset\spi:DefaultApplicationContext.class)]
    [javac] [正在装入 org\frameworkset\spi\BaseApplicationContext.class(org\frameworkset\spi:BaseApplicationContext.class)]
    [javac] [正在装入 org\frameworkset\util\io\DefaultResourceLoader.class(org\frameworkset\util\io:DefaultResourceLoader.class)]
    [javac] [正在装入 java\lang\ClassLoader.class(java\lang:ClassLoader.class)]
    [javac] [正在装入 org\frameworkset\spi\CallContext.class(org\frameworkset\spi:CallContext.class)]
    [javac] [正在装入 org\frameworkset\util\beans\BeansException.class(org\frameworkset\util\beans:BeansException.class)]
    [javac] [正在装入 org\frameworkset\util\beans\NestedRuntimeException.class(org\frameworkset\util\beans:NestedRuntimeException.class)]
    [javac] [正在装入 java\lang\RuntimeException.class(java\lang:RuntimeException.class)]
    [javac] [正在装入 java\lang\Exception.class(java\lang:Exception.class)]
    [javac] [正在装入 java\lang\Throwable.class(java\lang:Throwable.class)]
    [javac] [正在装入 java\lang\CharSequence.class(java\lang:CharSequence.class)]
    [javac] [正在装入 java\io\Serializable.class(java\io:Serializable.class)]
    [javac] [正在装入 java\lang\Comparable.class(java\lang:Comparable.class)]
    [javac] [正在装入 java\lang\reflect\AccessibleObject.class(java\lang\reflect:AccessibleObject.class)]
    [javac] [正在装入 java\lang\Appendable.class(java\lang:Appendable.class)]
    [javac] [正在装入 java\io\Closeable.class(java\io:Closeable.class)]
    [javac] [正在装入 java\io\Flushable.class(java\io:Flushable.class)]
    [javac] [正在装入 java\util\Collection.class(java\util:Collection.class)]
    [javac] [正在装入 java\lang\Iterable.class(java\lang:Iterable.class)]
    [javac] [正在装入 java\io\FileInputStream.class(java\io:FileInputStream.class)]
    [javac] [正在装入 java\io\ByteArrayOutputStream.class(java\io:ByteArrayOutputStream.class)]
    [javac] [正在装入 java\io\FileDescriptor.class(java\io:FileDescriptor.class)]
    [javac] [正在装入 java\io\OutputStream.class(java\io:OutputStream.class)]
    [javac] [正在装入 java\util\Map$Entry.class(java\util:Map$Entry.class)]
    [javac] [正在装入 java\lang\Long.class(java\lang:Long.class)]
    [javac] [正在装入 java\lang\Integer.class(java\lang:Integer.class)]
    [javac] [正在装入 java\lang\Float.class(java\lang:Float.class)]
    [javac] [正在装入 java\lang\Short.class(java\lang:Short.class)]
    [javac] [正在装入 java\lang\Double.class(java\lang:Double.class)]
    [javac] [正在装入 java\lang\Character.class(java\lang:Character.class)]
    [javac] [正在装入 java\lang\Boolean.class(java\lang:Boolean.class)]
    [javac] [正在装入 java\lang\Byte.class(java\lang:Byte.class)]
    [javac] [正在装入 java\util\Date.class(java\util:Date.class)]
    [javac] [正在装入 java\lang\StackTraceElement.class(java\lang:StackTraceElement.class)]
    [javac] [正在装入 java\beans\FeatureDescriptor.class(java\beans:FeatureDescriptor.class)]
    [javac] [正在装入 java\lang\IllegalAccessException.class(java\lang:IllegalAccessException.class)]
    [javac] [正在装入 java\lang\Error.class(java\lang:Error.class)]
    [javac] [正在装入 java\lang\ArrayIndexOutOfBoundsException.class(java\lang:ArrayIndexOutOfBoundsException.class)]
    [javac] [正在装入 java\lang\IndexOutOfBoundsException.class(java\lang:IndexOutOfBoundsException.class)]
    [javac] [已写入 D:\workspace\bbossgroups-3.2\bboss-soa\classes-bboss-soa\org\frameworkset\soa\ObjectSerializable.class]
    [javac] [正在检查 org.frameworkset.soa.SOAMethodCall]
    [javac] [已写入 D:\workspace\bbossgroups-3.2\bboss-soa\classes-bboss-soa\org\frameworkset\soa\SOAMethodCall.class]
    [javac] [正在检查 org.frameworkset.soa.SOAMethodInfo]
    [javac] [已写入 D:\workspace\bbossgroups-3.2\bboss-soa\classes-bboss-soa\org\frameworkset\soa\SOAMethodInfo.class]
    [javac] [总时间 1156ms]

jar-frameworkset-soa:
     [echo] Generate the bboss-soa library bboss-soa.jar ...
      [jar] Building jar: D:\workspace\bbossgroups-3.2\bboss-soa\distrib\bboss-soa.jar

copy-depends-liberary:
     [echo] copy depends liberarys ...
     [copy] Copying 4 files to D:\workspace\bbossgroups-3.2\bboss-soa\distrib\dependlibs

distrib:
     [echo] Construct the distribution package...

complete:
   [delete] Deleting directory D:\workspace\bbossgroups-3.2\bboss-soa\classes-bboss-soa

default:

BUILD SUCCESSFUL
Total time: 2 seconds
