2011-09-07 17:51:04,562 - Velocity was not initialized! Calling init()...
2011-09-07 17:51:04,562 - Velocity was not initialized! Calling init()...
2011-09-07 17:51:04,562 - Velocity was not initialized! Calling init()...
2011-09-07 17:51:04,562 - Velocity was not initialized! Calling init()...
2011-09-07 17:51:04,562 - Velocity was not initialized! Calling init()...
2011-09-07 17:51:04,562 - Velocity was not initialized! Calling init()...
2011-09-07 17:51:04,562 - Velocity was not initialized! Calling init()...
2011-09-07 17:51:04,562 - Velocity was not initialized! Calling init()...
2011-09-07 17:51:04,562 - Velocity was not initialized! Calling init()...
2011-09-07 17:51:04,562 - Velocity was not initialized! Calling init()...
2011-09-07 17:51:04,562 - Velocity was not initialized! Calling init()...
2011-09-07 17:51:04,562 - Created '20' parsers.
2011-09-07 17:51:04,562 - Velocimacro : initialization starting.
2011-09-07 17:51:04,562 - Velocimacro : "velocimacro.library" is not set.  Trying default library: VM_global_library.vm
2011-09-07 17:51:04,562 - Velocity was not initialized! Calling init()...
2011-09-07 17:51:04,578 - Velocimacro : Default library not found.
2011-09-07 17:51:04,578 - Velocimacro : allowInline = true : VMs can be defined inline in templates
2011-09-07 17:51:04,578 - Velocimacro : allowInlineToOverride = false : VMs defined inline may NOT replace previous VM definitions
2011-09-07 17:51:04,578 - Velocimacro : allowInlineLocal = false : VMs defined inline will be global in scope if allowed.
2011-09-07 17:51:04,578 - Velocimacro : autoload off : VM system will not automatically reload global library macros
2011-09-07 17:51:04,578 - Velocimacro : Velocimacro : initialization complete.
2011-09-07 17:51:04,578 - RuntimeInstance successfully initialized.
2011-09-15 11:59:31,140 - Log4JLogChute initialized using file 'velocity.log'
2011-09-15 11:59:31,171 - The version of log4j being used does not support the "trace" level.
2011-09-15 11:59:31,171 - Velocity was not initialized! Calling init()...
2011-09-15 11:59:31,171 - *******************************************************************
2011-09-15 11:59:31,171 - Starting Apache Velocity v1.6.4 (compiled: 2010-04-27 15:31:23)
2011-09-15 11:59:31,171 - RuntimeInstance initializing.
2011-09-15 11:59:31,171 - Default Properties File: org\apache\velocity\runtime\defaults\velocity.properties
2011-09-15 11:59:31,171 - Trying to use logger class org.apache.velocity.runtime.log.AvalonLogChute
2011-09-15 11:59:31,171 - Target log system for org.apache.velocity.runtime.log.AvalonLogChute is not available (java.lang.NoClassDefFoundError: org/apache/log/format/Formatter).  Falling back to next log system...
2011-09-15 11:59:31,171 - Trying to use logger class org.apache.velocity.runtime.log.Log4JLogChute
2011-09-15 11:59:31,171 - Using logger class org.apache.velocity.runtime.log.Log4JLogChute
2011-09-15 11:59:31,171 - Default ResourceManager initializing. (class org.apache.velocity.runtime.resource.ResourceManagerImpl)
2011-09-15 11:59:31,203 - ResourceLoader instantiated: org.apache.velocity.runtime.resource.loader.FileResourceLoader
2011-09-15 11:59:31,203 - FileResourceLoader : initialization starting.
2011-09-15 11:59:31,203 - Do unicode file recognition:  false
2011-09-15 11:59:31,203 - FileResourceLoader : adding path '.'
2011-09-15 11:59:31,203 - FileResourceLoader : initialization complete.
2011-09-15 11:59:31,234 - ResourceCache: initialized (class org.apache.velocity.runtime.resource.ResourceCacheImpl) with class java.util.Collections$SynchronizedMap cache map.
2011-09-15 11:59:31,234 - Default ResourceManager initialization complete.
2011-09-15 11:59:31,250 - Loaded System Directive: org.apache.velocity.runtime.directive.Define
2011-09-15 11:59:31,250 - Loaded System Directive: org.apache.velocity.runtime.directive.Break
2011-09-15 11:59:31,250 - Loaded System Directive: org.apache.velocity.runtime.directive.Evaluate
2011-09-15 11:59:31,250 - Loaded System Directive: org.apache.velocity.runtime.directive.Literal
2011-09-15 11:59:31,265 - Loaded System Directive: org.apache.velocity.runtime.directive.Macro
2011-09-15 11:59:31,265 - Loaded System Directive: org.apache.velocity.runtime.directive.Parse
2011-09-15 11:59:31,265 - Loaded System Directive: org.apache.velocity.runtime.directive.Include
2011-09-15 11:59:31,265 - Loaded System Directive: org.apache.velocity.runtime.directive.Foreach
2011-09-15 11:59:31,296 - Velocity was not initialized! Calling init()...
2011-09-15 11:59:31,343 - Velocity was not initialized! Calling init()...
2011-09-15 11:59:31,359 - Velocity was not initialized! Calling init()...
2011-09-15 11:59:31,359 - Velocity was not initialized! Calling init()...
2011-09-15 11:59:31,359 - Velocity was not initialized! Calling init()...
2011-09-15 11:59:31,359 - Velocity was not initialized! Calling init()...
2011-09-15 11:59:31,359 - Velocity was not initialized! Calling init()...
2011-09-15 11:59:31,359 - Velocity was not initialized! Calling init()...
2011-09-15 11:59:31,359 - Velocity was not initialized! Calling init()...
2011-09-15 11:59:31,359 - Velocity was not initialized! Calling init()...
2011-09-15 11:59:31,359 - Velocity was not initialized! Calling init()...
2011-09-15 11:59:31,359 - Velocity was not initialized! Calling init()...
2011-09-15 11:59:31,359 - Velocity was not initialized! Calling init()...
2011-09-15 11:59:31,359 - Velocity was not initialized! Calling init()...
2011-09-15 11:59:31,359 - Velocity was not initialized! Calling init()...
2011-09-15 11:59:31,359 - Velocity was not initialized! Calling init()...
2011-09-15 11:59:31,421 - Velocity was not initialized! Calling init()...
2011-09-15 11:59:31,421 - Velocity was not initialized! Calling init()...
2011-09-15 11:59:31,421 - Velocity was not initialized! Calling init()...
2011-09-15 11:59:31,421 - Velocity was not initialized! Calling init()...
2011-09-15 11:59:31,421 - Created '20' parsers.
2011-09-15 11:59:31,437 - Velocimacro : initialization starting.
2011-09-15 11:59:31,437 - Velocimacro : "velocimacro.library" is not set.  Trying default library: VM_global_library.vm
2011-09-15 11:59:31,437 - Velocity was not initialized! Calling init()...
2011-09-15 11:59:31,437 - Velocimacro : Default library not found.
2011-09-15 11:59:31,437 - Velocimacro : allowInline = true : VMs can be defined inline in templates
2011-09-15 11:59:31,437 - Velocimacro : allowInlineToOverride = false : VMs defined inline may NOT replace previous VM definitions
2011-09-15 11:59:31,437 - Velocimacro : allowInlineLocal = false : VMs defined inline will be global in scope if allowed.
2011-09-15 11:59:31,437 - Velocimacro : autoload off : VM system will not automatically reload global library macros
2011-09-15 11:59:31,437 - Velocimacro : Velocimacro : initialization complete.
2011-09-15 11:59:31,437 - RuntimeInstance successfully initialized.
2011-09-15 13:30:25,140 - Log4JLogChute initialized using file 'velocity.log'
2011-09-15 13:30:25,156 - The version of log4j being used does not support the "trace" level.
2011-09-15 13:30:25,156 - *******************************************************************
2011-09-15 13:30:25,156 - Starting Apache Velocity v1.6.4 (compiled: 2010-04-27 15:31:23)
2011-09-15 13:30:25,156 - RuntimeInstance initializing.
2011-09-15 13:30:25,156 - Default Properties File: org\apache\velocity\runtime\defaults\velocity.properties
2011-09-15 13:30:25,156 - Trying to use logger class org.apache.velocity.runtime.log.AvalonLogChute
2011-09-15 13:30:25,156 - Target log system for org.apache.velocity.runtime.log.AvalonLogChute is not available (java.lang.NoClassDefFoundError: org/apache/log/format/Formatter).  Falling back to next log system...
2011-09-15 13:30:25,156 - Trying to use logger class org.apache.velocity.runtime.log.Log4JLogChute
2011-09-15 13:30:25,171 - Using logger class org.apache.velocity.runtime.log.Log4JLogChute
2011-09-15 13:30:25,171 - Default ResourceManager initializing. (class org.apache.velocity.runtime.resource.ResourceManagerImpl)
2011-09-15 13:30:25,187 - ResourceLoader instantiated: org.apache.velocity.runtime.resource.loader.FileResourceLoader
2011-09-15 13:30:25,187 - FileResourceLoader : initialization starting.
2011-09-15 13:30:25,187 - Do unicode file recognition:  false
2011-09-15 13:30:25,187 - FileResourceLoader : adding path 'D:\workspace/WEB-INF/templates'
2011-09-15 13:30:25,187 - FileResourceLoader : initialization complete.
2011-09-15 13:30:25,218 - ResourceCache: initialized (class org.apache.velocity.runtime.resource.ResourceCacheImpl) with class java.util.Collections$SynchronizedMap cache map.
2011-09-15 13:30:25,218 - Default ResourceManager initialization complete.
2011-09-15 13:30:25,218 - Loaded System Directive: org.apache.velocity.runtime.directive.Define
2011-09-15 13:30:25,218 - Loaded System Directive: org.apache.velocity.runtime.directive.Break
2011-09-15 13:30:25,218 - Loaded System Directive: org.apache.velocity.runtime.directive.Evaluate
2011-09-15 13:30:25,218 - Loaded System Directive: org.apache.velocity.runtime.directive.Literal
2011-09-15 13:30:25,234 - Loaded System Directive: org.apache.velocity.runtime.directive.Macro
2011-09-15 13:30:25,234 - Loaded System Directive: org.apache.velocity.runtime.directive.Parse
2011-09-15 13:30:25,234 - Loaded System Directive: org.apache.velocity.runtime.directive.Include
2011-09-15 13:30:25,234 - Loaded System Directive: org.apache.velocity.runtime.directive.Foreach
2011-09-15 13:30:25,250 - Velocity was not initialized! Calling init()...
2011-09-15 13:30:25,312 - Velocity was not initialized! Calling init()...
2011-09-15 13:30:25,312 - Velocity was not initialized! Calling init()...
2011-09-15 13:30:25,312 - Velocity was not initialized! Calling init()...
2011-09-15 13:30:25,312 - Velocity was not initialized! Calling init()...
2011-09-15 13:30:25,312 - Velocity was not initialized! Calling init()...
2011-09-15 13:30:25,312 - Velocity was not initialized! Calling init()...
2011-09-15 13:30:25,312 - Velocity was not initialized! Calling init()...
2011-09-15 13:30:25,312 - Velocity was not initialized! Calling init()...
2011-09-15 13:30:25,312 - Velocity was not initialized! Calling init()...
2011-09-15 13:30:25,312 - Velocity was not initialized! Calling init()...
2011-09-15 13:30:25,312 - Velocity was not initialized! Calling init()...
2011-09-15 13:30:25,312 - Velocity was not initialized! Calling init()...
2011-09-15 13:30:25,312 - Velocity was not initialized! Calling init()...
2011-09-15 13:30:25,312 - Velocity was not initialized! Calling init()...
2011-09-15 13:30:25,312 - Velocity was not initialized! Calling init()...
2011-09-15 13:30:25,390 - Velocity was not initialized! Calling init()...
2011-09-15 13:30:25,390 - Velocity was not initialized! Calling init()...
2011-09-15 13:30:25,390 - Velocity was not initialized! Calling init()...
2011-09-15 13:30:25,390 - Velocity was not initialized! Calling init()...
2011-09-15 13:30:25,390 - Created '20' parsers.
2011-09-15 13:30:25,421 - Velocimacro : initialization starting.
2011-09-15 13:30:25,421 - Velocimacro : "velocimacro.library" is not set.  Trying default library: VM_global_library.vm
2011-09-15 13:30:25,421 - Velocity was not initialized! Calling init()...
2011-09-15 13:30:25,421 - Velocimacro : Default library not found.
2011-09-15 13:30:25,421 - Velocimacro : allowInline = true : VMs can be defined inline in templates
2011-09-15 13:30:25,421 - Velocimacro : allowInlineToOverride = false : VMs defined inline may NOT replace previous VM definitions
2011-09-15 13:30:25,421 - Velocimacro : allowInlineLocal = false : VMs defined inline will be global in scope if allowed.
2011-09-15 13:30:25,421 - Velocimacro : autoload off : VM system will not automatically reload global library macros
2011-09-15 13:30:25,421 - Velocimacro : Velocimacro : initialization complete.
2011-09-15 13:30:25,421 - RuntimeInstance successfully initialized.
