Buildfile: F:\workspace\bigdata\build.xml

init:
     [echo] Init...
   [delete] Deleting directory F:\workspace\bigdata\distrib
    [mkdir] Created dir: F:\workspace\bigdata\classes-bigdata
    [mkdir] Created dir: F:\workspace\bigdata\distrib
    [mkdir] Created dir: F:\workspace\bigdata\distrib\run

compile-bigdata:
     [echo] compile the bigdata source ...
    [javac] F:\workspace\bigdata\build.xml:40: warning: 'includeantruntime' was not set, defaulting to build.sysclasspath=last; set to false for repeatable builds
    [javac] Compiling 18 source files to F:\workspace\bigdata\classes-bigdata
    [javac] 警告: [options] 未与 -source 1.5 一起设置引导类路径
    [javac] [解析开始时间 RegularFileObject[F:\workspace\bigdata\src\com\sany\bigdata\imp\ExecutorJob.java]]
    [javac] [解析已完成, 用时 16 毫秒]
    [javac] [解析开始时间 RegularFileObject[F:\workspace\bigdata\src\com\sany\bigdata\imp\FileSegment.java]]
    [javac] [解析已完成, 用时 0 毫秒]
    [javac] [解析开始时间 RegularFileObject[F:\workspace\bigdata\src\com\sany\bigdata\imp\GenFileHelper.java]]
    [javac] [解析已完成, 用时 0 毫秒]
    [javac] [解析开始时间 RegularFileObject[F:\workspace\bigdata\src\com\sany\bigdata\imp\GenFileWork.java]]
    [javac] [解析已完成, 用时 0 毫秒]
    [javac] [解析开始时间 RegularFileObject[F:\workspace\bigdata\src\com\sany\bigdata\imp\HDFSServer.java]]
    [javac] [解析已完成, 用时 0 毫秒]
    [javac] [解析开始时间 RegularFileObject[F:\workspace\bigdata\src\com\sany\bigdata\imp\HDFSUploadData.java]]
    [javac] [解析已完成, 用时 15 毫秒]
    [javac] [解析开始时间 RegularFileObject[F:\workspace\bigdata\src\com\sany\bigdata\imp\HDFSUploadEventHandler.java]]
    [javac] [解析已完成, 用时 0 毫秒]
    [javac] [解析开始时间 RegularFileObject[F:\workspace\bigdata\src\com\sany\bigdata\imp\Imp.java]]
    [javac] [解析已完成, 用时 0 毫秒]
    [javac] [解析开始时间 RegularFileObject[F:\workspace\bigdata\src\com\sany\bigdata\imp\TaskConfig.java]]
    [javac] [解析已完成, 用时 0 毫秒]
    [javac] [解析开始时间 RegularFileObject[F:\workspace\bigdata\src\com\sany\bigdata\imp\TaskInfo.java]]
    [javac] [解析已完成, 用时 0 毫秒]
    [javac] [解析开始时间 RegularFileObject[F:\workspace\bigdata\src\com\sany\bigdata\imp\UploadDataTask.java]]
    [javac] [解析已完成, 用时 0 毫秒]
    [javac] [解析开始时间 RegularFileObject[F:\workspace\bigdata\src\com\sany\bigdata\imp\UploadWorker.java]]
    [javac] [解析已完成, 用时 0 毫秒]
    [javac] [解析开始时间 RegularFileObject[F:\workspace\bigdata\src\com\sany\bigdata\imp\WriteDataTask.java]]
    [javac] [解析已完成, 用时 16 毫秒]
    [javac] [解析开始时间 RegularFileObject[F:\workspace\bigdata\src\com\sany\bigdata\imp\monitor\HostJobs.java]]
    [javac] [解析已完成, 用时 0 毫秒]
    [javac] [解析开始时间 RegularFileObject[F:\workspace\bigdata\src\com\sany\bigdata\imp\monitor\ImpStaticManager.java]]
    [javac] [解析已完成, 用时 0 毫秒]
    [javac] [解析开始时间 RegularFileObject[F:\workspace\bigdata\src\com\sany\bigdata\imp\monitor\JobStatic.java]]
    [javac] [解析已完成, 用时 0 毫秒]
    [javac] [解析开始时间 RegularFileObject[F:\workspace\bigdata\src\com\sany\bigdata\imp\monitor\SpecialMonitorObject.java]]
    [javac] [解析已完成, 用时 0 毫秒]
    [javac] [解析开始时间 RegularFileObject[F:\workspace\bigdata\src\com\sany\bigdata\imp\monitor\TaskStatus.java]]
    [javac] [解析已完成, 用时 0 毫秒]
    [javac] [源文件的搜索路径: F:\workspace\bigdata\src]
    [javac] [类文件的搜索路径: C:\Program Files\Java\jdk1.7.0_51\jre\lib\resources.jar,C:\Program Files\Java\jdk1.7.0_51\jre\lib\rt.jar,C:\Program Files\Java\jdk1.7.0_51\jre\lib\sunrsasign.jar,C:\Program Files\Java\jdk1.7.0_51\jre\lib\jsse.jar,C:\Program Files\Java\jdk1.7.0_51\jre\lib\jce.jar,C:\Program Files\Java\jdk1.7.0_51\jre\lib\charsets.jar,C:\Program Files\Java\jdk1.7.0_51\jre\lib\jfr.jar,C:\Program Files\Java\jdk1.7.0_51\jre\classes,C:\Program Files\Java\jdk1.7.0_51\jre\lib\ext\access-bridge.jar,C:\Program Files\Java\jdk1.7.0_51\jre\lib\ext\dnsns.jar,C:\Program Files\Java\jdk1.7.0_51\jre\lib\ext\jaccess.jar,C:\Program Files\Java\jdk1.7.0_51\jre\lib\ext\localedata.jar,C:\Program Files\Java\jdk1.7.0_51\jre\lib\ext\sunec.jar,C:\Program Files\Java\jdk1.7.0_51\jre\lib\ext\sunjce_provider.jar,C:\Program Files\Java\jdk1.7.0_51\jre\lib\ext\sunmscapi.jar,C:\Program Files\Java\jdk1.7.0_51\jre\lib\ext\sunpkcs11.jar,C:\Program Files\Java\jdk1.7.0_51\jre\lib\ext\zipfs.jar,F:\workspace\bigdata\classes-bigdata,F:\workspace\bigdata\lib\bboss-core.jar,F:\workspace\bigdata\lib\bboss-event.jar,F:\workspace\bigdata\lib\bboss-velocity.jar,F:\workspace\bigdata\lib\cglib-nodep-3.1.jar,F:\workspace\bigdata\lib\commons-beanutils-1.7.0.jar,F:\workspace\bigdata\lib\commons-beanutils-core-1.8.0.jar,F:\workspace\bigdata\lib\commons-cli-1.2.jar,F:\workspace\bigdata\lib\commons-codec-1.4.jar,F:\workspace\bigdata\lib\commons-collections-3.2.1.jar,F:\workspace\bigdata\lib\commons-compress-1.4.1.jar,F:\workspace\bigdata\lib\commons-configuration-1.6.jar,F:\workspace\bigdata\lib\commons-daemon-1.0.13.jar,F:\workspace\bigdata\lib\commons-digester-1.8.jar,F:\workspace\bigdata\lib\commons-io-2.4.jar,F:\workspace\bigdata\lib\commons-lang-2.4.jar,F:\workspace\bigdata\lib\commons-lang-2.6.jar,F:\workspace\bigdata\lib\commons-logging-1.1.1.jar,F:\workspace\bigdata\lib\commons-logging-1.1.3.jar,F:\workspace\bigdata\lib\commons-math3-3.1.1.jar,F:\workspace\bigdata\lib\commons-net-3.1.jar,F:\workspace\bigdata\lib\frameworkset-pool-sources.jar,F:\workspace\bigdata\lib\frameworkset-pool.jar,F:\workspace\bigdata\lib\frameworkset-util.jar,F:\workspace\bigdata\lib\gson-2.2.4.jar,F:\workspace\bigdata\lib\guava-11.0.2.jar,F:\workspace\bigdata\lib\hadoop-annotations-2.7.0.jar,F:\workspace\bigdata\lib\hadoop-auth-2.7.0.jar,F:\workspace\bigdata\lib\hadoop-common-2.7.0.jar,F:\workspace\bigdata\lib\hadoop-hdfs-2.7.0.jar,F:\workspace\bigdata\lib\hadoop-hdfs-nfs-2.7.0.jar,F:\workspace\bigdata\lib\htrace-core-3.1.0-incubating.jar,F:\workspace\bigdata\lib\jakarta-oro-2.0.8.jar,F:\workspace\bigdata\lib\java-uuid-generator-3.1.2.jar,F:\workspace\bigdata\lib\javaee.jar,F:\workspace\bigdata\lib\jgroups-3.6.1.Final.jar,F:\workspace\bigdata\lib\log4j-1.2.17.jar,F:\workspace\bigdata\lib\ojdbc14.jar,F:\workspace\bigdata\lib\protobuf-java-2.5.0.jar,F:\workspace\bigdata\lib\slf4j-api-1.7.10.jar,F:\workspace\bigdata\lib\slf4j-log4j12-1.7.10.jar,F:\environment\apache-ant-1.8.4\lib\ant-launcher.jar,F:\environment\apache-ant-1.8.4\lib\ant-antlr.jar,F:\environment\apache-ant-1.8.4\lib\ant-apache-bcel.jar,F:\environment\apache-ant-1.8.4\lib\ant-apache-bsf.jar,F:\environment\apache-ant-1.8.4\lib\ant-apache-log4j.jar,F:\environment\apache-ant-1.8.4\lib\ant-apache-oro.jar,F:\environment\apache-ant-1.8.4\lib\ant-apache-regexp.jar,F:\environment\apache-ant-1.8.4\lib\ant-apache-resolver.jar,F:\environment\apache-ant-1.8.4\lib\ant-apache-xalan2.jar,F:\environment\apache-ant-1.8.4\lib\ant-commons-logging.jar,F:\environment\apache-ant-1.8.4\lib\ant-commons-net.jar,F:\environment\apache-ant-1.8.4\lib\ant-contrib-1.0b3.jar,F:\environment\apache-ant-1.8.4\lib\ant-jai.jar,F:\environment\apache-ant-1.8.4\lib\ant-javamail.jar,F:\environment\apache-ant-1.8.4\lib\ant-jdepend.jar,F:\environment\apache-ant-1.8.4\lib\ant-jmf.jar,F:\environment\apache-ant-1.8.4\lib\ant-jsch.jar,F:\environment\apache-ant-1.8.4\lib\ant-junit.jar,F:\environment\apache-ant-1.8.4\lib\ant-junit4.jar,F:\environment\apache-ant-1.8.4\lib\ant-netrexx.jar,F:\environment\apache-ant-1.8.4\lib\ant-swing.jar,F:\environment\apache-ant-1.8.4\lib\ant-testutil.jar,F:\environment\apache-ant-1.8.4\lib\ant.jar,F:\environment\apache-ant-1.8.4\lib\jsch-0.1.51.jar,F:\environment\apache-ant-1.8.4\lib\svnant.jar,F:\environment\apache-ant-1.8.4\lib\svnClientAdapter.jar,F:\environment\apache-ant-1.8.4\lib\svnjavahl.jar,F:\environment\apache-ant-1.8.4\lib\svnkit-javahl.jar,F:\environment\apache-ant-1.8.4\lib\svnkit.jar,C:\Program Files\Java\jdk1.7.0_51\lib\tools.jar]
    [javac] [正在加载ZipFileIndexFileObject[C:\Program Files\Java\jdk1.7.0_51\lib\ct.sym(META-INF/sym/rt.jar/java/io/File.class)]]
    [javac] [正在加载ZipFileIndexFileObject[C:\Program Files\Java\jdk1.7.0_51\lib\ct.sym(META-INF/sym/rt.jar/java/util/HashMap.class)]]
    [javac] [正在加载ZipFileIndexFileObject[C:\Program Files\Java\jdk1.7.0_51\lib\ct.sym(META-INF/sym/rt.jar/java/util/Map.class)]]
    [javac] [正在加载ZipFileIndexFileObject[C:\Program Files\Java\jdk1.7.0_51\lib\ct.sym(META-INF/sym/rt.jar/java/util/concurrent/ArrayBlockingQueue.class)]]
    [javac] [正在加载ZipFileIndexFileObject[C:\Program Files\Java\jdk1.7.0_51\lib\ct.sym(META-INF/sym/rt.jar/java/util/concurrent/BlockingQueue.class)]]
    [javac] [正在加载ZipFileIndexFileObject[F:\workspace\bigdata\lib\hadoop-common-2.7.0.jar(org/apache/hadoop/fs/FileSystem.class)]]
    [javac] [正在加载ZipFileIndexFileObject[F:\workspace\bigdata\lib\log4j-1.2.17.jar(org/apache/log4j/Logger.class)]]
    [javac] [正在加载ZipFileIndexFileObject[F:\workspace\bigdata\lib\frameworkset-util.jar(org/frameworkset/runtime/CommonLauncher.class)]]
    [javac] [正在加载ZipFileIndexFileObject[F:\workspace\bigdata\lib\frameworkset-util.jar(com/frameworkset/util/SimpleStringUtil.class)]]
    [javac] [正在加载ZipFileIndexFileObject[C:\Program Files\Java\jdk1.7.0_51\lib\ct.sym(META-INF/sym/rt.jar/java/lang/Object.class)]]
    [javac] [正在加载ZipFileIndexFileObject[C:\Program Files\Java\jdk1.7.0_51\lib\ct.sym(META-INF/sym/rt.jar/java/io/BufferedWriter.class)]]
    [javac] [正在加载ZipFileIndexFileObject[C:\Program Files\Java\jdk1.7.0_51\lib\ct.sym(META-INF/sym/rt.jar/java/io/FileWriter.class)]]
    [javac] [正在加载ZipFileIndexFileObject[C:\Program Files\Java\jdk1.7.0_51\lib\ct.sym(META-INF/sym/rt.jar/java/io/IOException.class)]]
    [javac] [正在加载ZipFileIndexFileObject[C:\Program Files\Java\jdk1.7.0_51\lib\ct.sym(META-INF/sym/rt.jar/java/io/OutputStream.class)]]
    [javac] [正在加载ZipFileIndexFileObject[C:\Program Files\Java\jdk1.7.0_51\lib\ct.sym(META-INF/sym/rt.jar/java/io/OutputStreamWriter.class)]]
    [javac] [正在加载ZipFileIndexFileObject[C:\Program Files\Java\jdk1.7.0_51\lib\ct.sym(META-INF/sym/rt.jar/java/io/PrintWriter.class)]]
    [javac] [正在加载ZipFileIndexFileObject[C:\Program Files\Java\jdk1.7.0_51\lib\ct.sym(META-INF/sym/rt.jar/java/text/SimpleDateFormat.class)]]
    [javac] [正在加载ZipFileIndexFileObject[C:\Program Files\Java\jdk1.7.0_51\lib\ct.sym(META-INF/sym/rt.jar/java/util/Date.class)]]
    [javac] [正在加载ZipFileIndexFileObject[F:\workspace\bigdata\lib\hadoop-common-2.7.0.jar(org/apache/hadoop/fs/Path.class)]]
    [javac] [正在加载ZipFileIndexFileObject[C:\Program Files\Java\jdk1.7.0_51\lib\ct.sym(META-INF/sym/rt.jar/java/util/List.class)]]
    [javac] [正在加载ZipFileIndexFileObject[C:\Program Files\Java\jdk1.7.0_51\lib\ct.sym(META-INF/sym/rt.jar/java/io/Serializable.class)]]
    [javac] [正在加载ZipFileIndexFileObject[C:\Program Files\Java\jdk1.7.0_51\lib\ct.sym(META-INF/sym/rt.jar/java/util/ArrayList.class)]]
    [javac] [正在加载ZipFileIndexFileObject[C:\Program Files\Java\jdk1.7.0_51\lib\ct.sym(META-INF/sym/rt.jar/java/lang/Cloneable.class)]]
    [javac] [正在加载ZipFileIndexFileObject[C:\Program Files\Java\jdk1.7.0_51\lib\ct.sym(META-INF/sym/rt.jar/java/lang/String.class)]]
    [javac] [正在加载ZipFileIndexFileObject[C:\Program Files\Java\jdk1.7.0_51\lib\ct.sym(META-INF/sym/rt.jar/java/lang/Exception.class)]]
    [javac] [正在加载ZipFileIndexFileObject[C:\Program Files\Java\jdk1.7.0_51\lib\ct.sym(META-INF/sym/rt.jar/java/lang/Integer.class)]]
    [javac] [正在加载ZipFileIndexFileObject[C:\Program Files\Java\jdk1.7.0_51\lib\ct.sym(META-INF/sym/rt.jar/java/lang/CloneNotSupportedException.class)]]
    [javac] [正在加载ZipFileIndexFileObject[C:\Program Files\Java\jdk1.7.0_51\lib\ct.sym(META-INF/sym/rt.jar/java/util/concurrent/atomic/AtomicInteger.class)]]
    [javac] [正在加载ZipFileIndexFileObject[C:\Program Files\Java\jdk1.7.0_51\lib\ct.sym(META-INF/sym/rt.jar/java/lang/Thread.class)]]
    [javac] [正在加载ZipFileIndexFileObject[C:\Program Files\Java\jdk1.7.0_51\lib\ct.sym(META-INF/sym/rt.jar/java/util/concurrent/CyclicBarrier.class)]]
    [javac] [正在加载ZipFileIndexFileObject[C:\Program Files\Java\jdk1.7.0_51\lib\ct.sym(META-INF/sym/rt.jar/java/util/concurrent/TimeUnit.class)]]
    [javac] [正在加载ZipFileIndexFileObject[C:\Program Files\Java\jdk1.7.0_51\lib\ct.sym(META-INF/sym/rt.jar/java/lang/Runnable.class)]]
    [javac] [正在加载ZipFileIndexFileObject[C:\Program Files\Java\jdk1.7.0_51\lib\ct.sym(META-INF/sym/rt.jar/java/net/URI.class)]]
    [javac] [正在加载ZipFileIndexFileObject[F:\workspace\bigdata\lib\hadoop-common-2.7.0.jar(org/apache/hadoop/conf/Configuration.class)]]
    [javac] [正在加载ZipFileIndexFileObject[F:\workspace\bigdata\lib\hadoop-common-2.7.0.jar(org/apache/hadoop/security/UserGroupInformation.class)]]
    [javac] [正在加载ZipFileIndexFileObject[C:\Program Files\Java\jdk1.7.0_51\lib\ct.sym(META-INF/sym/rt.jar/java/util/Arrays.class)]]
    [javac] [正在加载ZipFileIndexFileObject[C:\Program Files\Java\jdk1.7.0_51\lib\ct.sym(META-INF/sym/rt.jar/java/util/Set.class)]]
    [javac] [正在加载ZipFileIndexFileObject[F:\workspace\bigdata\lib\bboss-event.jar(org/frameworkset/event/Event.class)]]
    [javac] [正在加载ZipFileIndexFileObject[F:\workspace\bigdata\lib\bboss-event.jar(org/frameworkset/event/EventHandle.class)]]
    [javac] [正在加载ZipFileIndexFileObject[F:\workspace\bigdata\lib\bboss-event.jar(org/frameworkset/event/EventImpl.class)]]
    [javac] [正在加载ZipFileIndexFileObject[F:\workspace\bigdata\lib\bboss-event.jar(org/frameworkset/event/SimpleEventType.class)]]
    [javac] [正在加载ZipFileIndexFileObject[F:\workspace\bigdata\lib\bboss-event.jar(org/frameworkset/remote/EventUtils.class)]]
    [javac] [正在加载ZipFileIndexFileObject[F:\workspace\bigdata\lib\bboss-core.jar(org/frameworkset/spi/BaseApplicationContext.class)]]
    [javac] [正在加载ZipFileIndexFileObject[F:\workspace\bigdata\lib\bboss-core.jar(org/frameworkset/spi/DefaultApplicationContext.class)]]
    [javac] [正在加载ZipFileIndexFileObject[F:\workspace\bigdata\lib\jgroups-3.6.1.Final.jar(org/jgroups/Address.class)]]
    [javac] [正在加载ZipFileIndexFileObject[F:\workspace\bigdata\lib\frameworkset-pool.jar(com/frameworkset/common/poolman/DBUtil.class)]]
    [javac] [正在加载ZipFileIndexFileObject[F:\workspace\bigdata\lib\frameworkset-pool.jar(com/frameworkset/common/poolman/PreparedDBUtil.class)]]
    [javac] [正在加载ZipFileIndexFileObject[F:\workspace\bigdata\lib\bboss-event.jar(org/frameworkset/event/Listener.class)]]
    [javac] [正在加载ZipFileIndexFileObject[F:\workspace\bigdata\lib\bboss-event.jar(org/frameworkset/event/EventType.class)]]
    [javac] [正在加载ZipFileIndexFileObject[F:\workspace\bigdata\lib\bboss-event.jar(org/frameworkset/event/NotifiableFactory.class)]]
    [javac] [正在加载ZipFileIndexFileObject[F:\workspace\bigdata\lib\bboss-core.jar(org/frameworkset/spi/SOAApplicationContext.class)]]
    [javac] [正在加载ZipFileIndexFileObject[F:\workspace\bigdata\lib\frameworkset-util.jar(org/frameworkset/util/annotations/ResponseBody.class)]]
    [javac] [正在加载ZipFileIndexFileObject[C:\Program Files\Java\jdk1.7.0_51\lib\ct.sym(META-INF/sym/rt.jar/java/util/Iterator.class)]]
    [javac] [正在加载ZipFileIndexFileObject[C:\Program Files\Java\jdk1.7.0_51\lib\ct.sym(META-INF/sym/rt.jar/java/util/Map$Entry.class)]]
    [javac] [正在加载ZipFileIndexFileObject[F:\workspace\bigdata\lib\bboss-event.jar(org/frameworkset/event/EventTarget.class)]]
    [javac] [正在加载ZipFileIndexFileObject[C:\Program Files\Java\jdk1.7.0_51\lib\ct.sym(META-INF/sym/rt.jar/java/io/FileInputStream.class)]]
    [javac] [正在加载ZipFileIndexFileObject[F:\workspace\bigdata\lib\hadoop-common-2.7.0.jar(org/apache/hadoop/io/IOUtils.class)]]
    [javac] [正在加载ZipFileIndexFileObject[C:\Program Files\Java\jdk1.7.0_51\lib\ct.sym(META-INF/sym/rt.jar/java/sql/ResultSet.class)]]
    [javac] [正在加载ZipFileIndexFileObject[F:\workspace\bigdata\lib\frameworkset-pool.jar(com/frameworkset/common/poolman/SQLExecutor.class)]]
    [javac] [正在加载ZipFileIndexFileObject[F:\workspace\bigdata\lib\frameworkset-pool.jar(com/frameworkset/common/poolman/handle/ResultSetNullRowHandler.class)]]
    [javac] [正在加载ZipFileIndexFileObject[F:\workspace\bigdata\lib\frameworkset-pool.jar(com/frameworkset/common/poolman/sql/PoolManResultSetMetaData.class)]]
    [javac] [正在加载ZipFileIndexFileObject[C:\Program Files\Java\jdk1.7.0_51\lib\ct.sym(META-INF/sym/rt.jar/java/lang/StringBuilder.class)]]
    [javac] [正在加载ZipFileIndexFileObject[F:\workspace\bigdata\lib\hadoop-annotations-2.7.0.jar(org/apache/hadoop/classification/InterfaceAudience.class)]]
    [javac] [正在加载ZipFileIndexFileObject[F:\workspace\bigdata\lib\hadoop-annotations-2.7.0.jar(org/apache/hadoop/classification/InterfaceAudience$LimitedPrivate.class)]]
    [javac] [正在加载ZipFileIndexFileObject[C:\Program Files\Java\jdk1.7.0_51\lib\ct.sym(META-INF/sym/rt.jar/java/lang/Override.class)]]
    [javac] [正在加载ZipFileIndexFileObject[C:\Program Files\Java\jdk1.7.0_51\lib\ct.sym(META-INF/sym/rt.jar/java/lang/annotation/Annotation.class)]]
    [javac] [正在加载ZipFileIndexFileObject[C:\Program Files\Java\jdk1.7.0_51\lib\ct.sym(META-INF/sym/rt.jar/java/lang/annotation/Target.class)]]
    [javac] [正在加载ZipFileIndexFileObject[C:\Program Files\Java\jdk1.7.0_51\lib\ct.sym(META-INF/sym/rt.jar/java/lang/annotation/ElementType.class)]]
    [javac] [正在加载ZipFileIndexFileObject[C:\Program Files\Java\jdk1.7.0_51\lib\ct.sym(META-INF/sym/rt.jar/java/lang/annotation/Retention.class)]]
    [javac] [正在加载ZipFileIndexFileObject[C:\Program Files\Java\jdk1.7.0_51\lib\ct.sym(META-INF/sym/rt.jar/java/lang/annotation/RetentionPolicy.class)]]
    [javac] [正在检查com.sany.bigdata.imp.ExecutorJob]
    [javac] [正在加载ZipFileIndexFileObject[C:\Program Files\Java\jdk1.7.0_51\lib\ct.sym(META-INF/sym/rt.jar/java/lang/AutoCloseable.class)]]
    [javac] [正在加载ZipFileIndexFileObject[C:\Program Files\Java\jdk1.7.0_51\lib\ct.sym(META-INF/sym/rt.jar/java/lang/Class.class)]]
    [javac] [正在加载ZipFileIndexFileObject[F:\workspace\bigdata\lib\log4j-1.2.17.jar(org/apache/log4j/Category.class)]]
    [javac] [正在加载ZipFileIndexFileObject[C:\Program Files\Java\jdk1.7.0_51\lib\ct.sym(META-INF/sym/rt.jar/java/util/AbstractMap.class)]]
    [javac] [正在加载ZipFileIndexFileObject[C:\Program Files\Java\jdk1.7.0_51\lib\ct.sym(META-INF/sym/rt.jar/java/util/Collection.class)]]
    [javac] [正在加载ZipFileIndexFileObject[C:\Program Files\Java\jdk1.7.0_51\lib\ct.sym(META-INF/sym/rt.jar/java/util/AbstractQueue.class)]]
    [javac] [正在加载ZipFileIndexFileObject[C:\Program Files\Java\jdk1.7.0_51\lib\ct.sym(META-INF/sym/rt.jar/java/util/AbstractCollection.class)]]
    [javac] [正在加载ZipFileIndexFileObject[C:\Program Files\Java\jdk1.7.0_51\lib\ct.sym(META-INF/sym/rt.jar/java/lang/Iterable.class)]]
    [javac] [正在加载ZipFileIndexFileObject[C:\Program Files\Java\jdk1.7.0_51\lib\ct.sym(META-INF/sym/rt.jar/java/util/Queue.class)]]
    [javac] [正在加载ZipFileIndexFileObject[C:\Program Files\Java\jdk1.7.0_51\lib\ct.sym(META-INF/sym/rt.jar/java/lang/InterruptedException.class)]]
    [javac] [正在加载ZipFileIndexFileObject[C:\Program Files\Java\jdk1.7.0_51\lib\ct.sym(META-INF/sym/rt.jar/java/lang/Throwable.class)]]
    [javac] [正在加载ZipFileIndexFileObject[C:\Program Files\Java\jdk1.7.0_51\lib\ct.sym(META-INF/sym/rt.jar/java/lang/Number.class)]]
    [javac] [正在加载ZipFileIndexFileObject[C:\Program Files\Java\jdk1.7.0_51\lib\ct.sym(META-INF/sym/rt.jar/java/lang/CharSequence.class)]]
    [javac] [正在加载ZipFileIndexFileObject[C:\Program Files\Java\jdk1.7.0_51\lib\ct.sym(META-INF/sym/rt.jar/java/lang/Comparable.class)]]
    [javac] [正在加载ZipFileIndexFileObject[C:\Program Files\Java\jdk1.7.0_51\lib\ct.sym(META-INF/sym/rt.jar/java/lang/AbstractStringBuilder.class)]]
    [javac] [正在加载ZipFileIndexFileObject[C:\Program Files\Java\jdk1.7.0_51\lib\ct.sym(META-INF/sym/rt.jar/java/lang/StringBuffer.class)]]
    [javac] [正在加载ZipFileIndexFileObject[C:\Program Files\Java\jdk1.7.0_51\lib\ct.sym(META-INF/sym/rt.jar/java/lang/System.class)]]
    [javac] [正在加载ZipFileIndexFileObject[C:\Program Files\Java\jdk1.7.0_51\lib\ct.sym(META-INF/sym/rt.jar/java/lang/Error.class)]]
    [javac] [正在加载ZipFileIndexFileObject[C:\Program Files\Java\jdk1.7.0_51\lib\ct.sym(META-INF/sym/rt.jar/java/lang/RuntimeException.class)]]
    [javac] [已写入RegularFileObject[F:\workspace\bigdata\classes-bigdata\com\sany\bigdata\imp\ExecutorJob.class]]
    [javac] [正在检查com.sany.bigdata.imp.FileSegment]
    [javac] [正在加载ZipFileIndexFileObject[C:\Program Files\Java\jdk1.7.0_51\lib\ct.sym(META-INF/sym/rt.jar/java/text/DateFormat.class)]]
    [javac] [正在加载ZipFileIndexFileObject[C:\Program Files\Java\jdk1.7.0_51\lib\ct.sym(META-INF/sym/rt.jar/java/text/Format.class)]]
    [javac] [正在加载ZipFileIndexFileObject[C:\Program Files\Java\jdk1.7.0_51\lib\ct.sym(META-INF/sym/rt.jar/java/io/FileDescriptor.class)]]
    [javac] [正在加载ZipFileIndexFileObject[C:\Program Files\Java\jdk1.7.0_51\lib\ct.sym(META-INF/sym/rt.jar/java/io/Writer.class)]]
    [javac] [正在加载ZipFileIndexFileObject[F:\workspace\bigdata\lib\hadoop-common-2.7.0.jar(org/apache/hadoop/conf/Configured.class)]]
    [javac] [正在加载ZipFileIndexFileObject[C:\Program Files\Java\jdk1.7.0_51\lib\ct.sym(META-INF/sym/rt.jar/java/io/Closeable.class)]]
    [javac] [正在加载ZipFileIndexFileObject[F:\workspace\bigdata\lib\hadoop-common-2.7.0.jar(org/apache/hadoop/fs/FSDataOutputStream.class)]]
    [javac] [正在加载ZipFileIndexFileObject[C:\Program Files\Java\jdk1.7.0_51\lib\ct.sym(META-INF/sym/rt.jar/java/io/DataOutputStream.class)]]
    [javac] [正在加载ZipFileIndexFileObject[C:\Program Files\Java\jdk1.7.0_51\lib\ct.sym(META-INF/sym/rt.jar/java/io/FilterOutputStream.class)]]
    [javac] [正在加载ZipFileIndexFileObject[C:\Program Files\Java\jdk1.7.0_51\lib\ct.sym(META-INF/sym/rt.jar/java/nio/charset/CharsetEncoder.class)]]
    [javac] [正在加载ZipFileIndexFileObject[C:\Program Files\Java\jdk1.7.0_51\lib\ct.sym(META-INF/sym/rt.jar/java/nio/charset/Charset.class)]]
    [javac] [正在加载ZipFileIndexFileObject[C:\Program Files\Java\jdk1.7.0_51\lib\ct.sym(META-INF/sym/rt.jar/java/io/Flushable.class)]]
    [javac] [正在加载ZipFileIndexFileObject[C:\Program Files\Java\jdk1.7.0_51\lib\ct.sym(META-INF/sym/rt.jar/java/lang/IllegalArgumentException.class)]]
    [javac] [正在加载ZipFileIndexFileObject[C:\Program Files\Java\jdk1.7.0_51\lib\ct.sym(META-INF/sym/rt.jar/java/io/UnsupportedEncodingException.class)]]
    [javac] [已写入RegularFileObject[F:\workspace\bigdata\classes-bigdata\com\sany\bigdata\imp\FileSegment.class]]
    [javac] [正在检查com.sany.bigdata.imp.TaskConfig]
    [javac] [已写入RegularFileObject[F:\workspace\bigdata\classes-bigdata\com\sany\bigdata\imp\TaskConfig.class]]
    [javac] [正在检查com.sany.bigdata.imp.monitor.JobStatic]
    [javac] [正在加载ZipFileIndexFileObject[C:\Program Files\Java\jdk1.7.0_51\lib\ct.sym(META-INF/sym/rt.jar/java/util/AbstractList.class)]]
    [javac] [已写入RegularFileObject[F:\workspace\bigdata\classes-bigdata\com\sany\bigdata\imp\monitor\JobStatic.class]]
    [javac] [正在检查com.sany.bigdata.imp.monitor.TaskStatus]
    [javac] [已写入RegularFileObject[F:\workspace\bigdata\classes-bigdata\com\sany\bigdata\imp\monitor\TaskStatus.class]]
    [javac] [正在检查com.sany.bigdata.imp.TaskInfo]
    [javac] [已写入RegularFileObject[F:\workspace\bigdata\classes-bigdata\com\sany\bigdata\imp\TaskInfo.class]]
    [javac] [正在检查com.sany.bigdata.imp.GenFileHelper]
    [javac] [正在加载ZipFileIndexFileObject[C:\Program Files\Java\jdk1.7.0_51\lib\ct.sym(META-INF/sym/rt.jar/java/lang/ThreadGroup.class)]]
    [javac] [正在加载ZipFileIndexFileObject[C:\Program Files\Java\jdk1.7.0_51\lib\ct.sym(META-INF/sym/rt.jar/java/security/AccessControlContext.class)]]
    [javac] [已写入RegularFileObject[F:\workspace\bigdata\classes-bigdata\com\sany\bigdata\imp\GenFileHelper.class]]
    [javac] [正在检查com.sany.bigdata.imp.GenFileWork]
    [javac] [已写入RegularFileObject[F:\workspace\bigdata\classes-bigdata\com\sany\bigdata\imp\GenFileWork.class]]
    [javac] [正在检查com.sany.bigdata.imp.HDFSServer]
    [javac] [正在加载ZipFileIndexFileObject[C:\Program Files\Java\jdk1.7.0_51\lib\ct.sym(META-INF/sym/rt.jar/java/io/InputStream.class)]]
    [javac] [正在加载ZipFileIndexFileObject[C:\Program Files\Java\jdk1.7.0_51\lib\ct.sym(META-INF/sym/rt.jar/java/net/URL.class)]]
    [javac] [正在加载ZipFileIndexFileObject[C:\Program Files\Java\jdk1.7.0_51\lib\ct.sym(META-INF/sym/rt.jar/java/net/URISyntaxException.class)]]
    [javac] [已写入RegularFileObject[F:\workspace\bigdata\classes-bigdata\com\sany\bigdata\imp\HDFSServer.class]]
    [javac] [正在检查com.sany.bigdata.imp.HDFSUploadData]
    [javac] [正在加载ZipFileIndexFileObject[F:\workspace\bigdata\lib\frameworkset-pool.jar(com/frameworkset/common/poolman/util/SQLUtil.class)]]
    [javac] [正在加载ZipFileIndexFileObject[F:\workspace\bigdata\lib\frameworkset-pool.jar(com/frameworkset/orm/adapter/DB.class)]]
    [javac] [正在加载ZipFileIndexFileObject[F:\workspace\bigdata\lib\frameworkset-pool.jar(com/frameworkset/orm/adapter/IDMethod.class)]]
    [javac] [正在加载ZipFileIndexFileObject[F:\workspace\bigdata\lib\frameworkset-pool.jar(com/frameworkset/orm/platform/Platform.class)]]
    [javac] [正在加载ZipFileIndexFileObject[F:\workspace\bigdata\lib\frameworkset-util.jar(org/frameworkset/util/io/DefaultResourceLoader.class)]]
    [javac] [正在加载ZipFileIndexFileObject[F:\workspace\bigdata\lib\bboss-core.jar(org/frameworkset/spi/support/MessageSource.class)]]
    [javac] [正在加载ZipFileIndexFileObject[F:\workspace\bigdata\lib\frameworkset-util.jar(org/frameworkset/util/io/ResourcePatternResolver.class)]]
    [javac] [正在加载ZipFileIndexFileObject[F:\workspace\bigdata\lib\frameworkset-util.jar(org/frameworkset/util/io/ResourceLoader.class)]]
    [javac] [正在加载ZipFileIndexFileObject[F:\workspace\bigdata\lib\frameworkset-pool.jar(com/frameworkset/common/poolman/SQLParams.class)]]
    [javac] [正在加载ZipFileIndexFileObject[F:\workspace\bigdata\lib\frameworkset-pool.jar(com/frameworkset/common/poolman/Params.class)]]
    [javac] [正在加载ZipFileIndexFileObject[F:\workspace\bigdata\lib\jgroups-3.6.1.Final.jar(org/jgroups/util/Streamable.class)]]
    [javac] [正在加载ZipFileIndexFileObject[C:\Program Files\Java\jdk1.7.0_51\lib\ct.sym(META-INF/sym/rt.jar/java/io/Externalizable.class)]]
    [javac] [正在加载ZipFileIndexFileObject[F:\workspace\bigdata\lib\bboss-event.jar(org/frameworkset/event/AbstractEventType.class)]]
    [javac] [正在加载ZipFileIndexFileObject[C:\Program Files\Java\jdk1.7.0_51\lib\ct.sym(META-INF/sym/rt.jar/java/util/TreeSet.class)]]
    [javac] [正在加载ZipFileIndexFileObject[C:\Program Files\Java\jdk1.7.0_51\lib\ct.sym(META-INF/sym/rt.jar/java/util/SortedSet.class)]]
    [javac] [正在加载ZipFileIndexFileObject[C:\Program Files\Java\jdk1.7.0_51\lib\ct.sym(META-INF/sym/rt.jar/java/util/Comparator.class)]]
    [javac] [正在加载ZipFileIndexFileObject[C:\Program Files\Java\jdk1.7.0_51\lib\ct.sym(META-INF/sym/rt.jar/java/util/NavigableMap.class)]]
    [javac] [正在加载ZipFileIndexFileObject[C:\Program Files\Java\jdk1.7.0_51\lib\ct.sym(META-INF/sym/rt.jar/java/util/AbstractSet.class)]]
    [javac] [正在加载ZipFileIndexFileObject[C:\Program Files\Java\jdk1.7.0_51\lib\ct.sym(META-INF/sym/rt.jar/java/lang/NumberFormatException.class)]]
    [javac] [正在加载ZipFileIndexFileObject[C:\Program Files\Java\jdk1.7.0_51\lib\ct.sym(META-INF/sym/rt.jar/java/sql/SQLException.class)]]
    [javac] [正在加载ZipFileIndexFileObject[C:\Program Files\Java\jdk1.7.0_51\lib\ct.sym(META-INF/sym/rt.jar/java/lang/Byte.class)]]
    [javac] [正在加载ZipFileIndexFileObject[C:\Program Files\Java\jdk1.7.0_51\lib\ct.sym(META-INF/sym/rt.jar/java/lang/Character.class)]]
    [javac] [正在加载ZipFileIndexFileObject[C:\Program Files\Java\jdk1.7.0_51\lib\ct.sym(META-INF/sym/rt.jar/java/lang/Short.class)]]
    [javac] [正在加载ZipFileIndexFileObject[C:\Program Files\Java\jdk1.7.0_51\lib\ct.sym(META-INF/sym/rt.jar/java/lang/Long.class)]]
    [javac] [正在加载ZipFileIndexFileObject[C:\Program Files\Java\jdk1.7.0_51\lib\ct.sym(META-INF/sym/rt.jar/java/lang/Float.class)]]
    [javac] [正在加载ZipFileIndexFileObject[C:\Program Files\Java\jdk1.7.0_51\lib\ct.sym(META-INF/sym/rt.jar/java/lang/Double.class)]]
    [javac] [正在加载ZipFileIndexFileObject[C:\Program Files\Java\jdk1.7.0_51\lib\ct.sym(META-INF/sym/rt.jar/java/lang/Boolean.class)]]
    [javac] [正在加载ZipFileIndexFileObject[C:\Program Files\Java\jdk1.7.0_51\lib\ct.sym(META-INF/sym/rt.jar/java/lang/Void.class)]]
    [javac] [已写入RegularFileObject[F:\workspace\bigdata\classes-bigdata\com\sany\bigdata\imp\HDFSUploadData$SplitTasks.class]]
    [javac] [已写入RegularFileObject[F:\workspace\bigdata\classes-bigdata\com\sany\bigdata\imp\HDFSUploadData$LinkTasks.class]]
    [javac] [已写入RegularFileObject[F:\workspace\bigdata\classes-bigdata\com\sany\bigdata\imp\HDFSUploadData.class]]
    [javac] [正在检查com.sany.bigdata.imp.HDFSUploadEventHandler]
    [javac] [已写入RegularFileObject[F:\workspace\bigdata\classes-bigdata\com\sany\bigdata\imp\HDFSUploadEventHandler$1.class]]
    [javac] [已写入RegularFileObject[F:\workspace\bigdata\classes-bigdata\com\sany\bigdata\imp\HDFSUploadEventHandler.class]]
    [javac] [正在检查com.sany.bigdata.imp.Imp]
    [javac] [正在加载ZipFileIndexFileObject[F:\workspace\bigdata\lib\bboss-event.jar(org/frameworkset/event/Notifiable.class)]]
    [javac] [已写入RegularFileObject[F:\workspace\bigdata\classes-bigdata\com\sany\bigdata\imp\Imp.class]]
    [javac] [正在检查com.sany.bigdata.imp.monitor.ImpStaticManager]
    [javac] [已写入RegularFileObject[F:\workspace\bigdata\classes-bigdata\com\sany\bigdata\imp\monitor\ImpStaticManager$1.class]]
    [javac] [已写入RegularFileObject[F:\workspace\bigdata\classes-bigdata\com\sany\bigdata\imp\monitor\ImpStaticManager.class]]
    [javac] [正在检查com.sany.bigdata.imp.monitor.HostJobs]
    [javac] [已写入RegularFileObject[F:\workspace\bigdata\classes-bigdata\com\sany\bigdata\imp\monitor\HostJobs.class]]
    [javac] [正在检查com.sany.bigdata.imp.monitor.SpecialMonitorObject]
    [javac] [已写入RegularFileObject[F:\workspace\bigdata\classes-bigdata\com\sany\bigdata\imp\monitor\SpecialMonitorObject.class]]
    [javac] [正在检查com.sany.bigdata.imp.UploadDataTask]
    [javac] [正在加载ZipFileIndexFileObject[C:\Program Files\Java\jdk1.7.0_51\lib\ct.sym(META-INF/sym/rt.jar/java/io/FileNotFoundException.class)]]
    [javac] [已写入RegularFileObject[F:\workspace\bigdata\classes-bigdata\com\sany\bigdata\imp\UploadDataTask.class]]
    [javac] [正在检查com.sany.bigdata.imp.UploadWorker]
    [javac] [已写入RegularFileObject[F:\workspace\bigdata\classes-bigdata\com\sany\bigdata\imp\UploadWorker.class]]
    [javac] [正在检查com.sany.bigdata.imp.WriteDataTask]
    [javac] [正在加载ZipFileIndexFileObject[C:\Program Files\Java\jdk1.7.0_51\lib\ct.sym(META-INF/sym/rt.jar/java/sql/Types.class)]]
    [javac] [正在加载ZipFileIndexFileObject[C:\Program Files\Java\jdk1.7.0_51\lib\ct.sym(META-INF/sym/rt.jar/java/sql/Wrapper.class)]]
    [javac] [正在加载ZipFileIndexFileObject[C:\Program Files\Java\jdk1.7.0_51\lib\ct.sym(META-INF/sym/rt.jar/java/sql/Timestamp.class)]]
    [javac] [正在加载ZipFileIndexFileObject[C:\Program Files\Java\jdk1.7.0_51\lib\ct.sym(META-INF/sym/rt.jar/java/sql/Date.class)]]
    [javac] [正在加载ZipFileIndexFileObject[C:\Program Files\Java\jdk1.7.0_51\lib\ct.sym(META-INF/sym/rt.jar/java/sql/ResultSetMetaData.class)]]
    [javac] [正在加载ZipFileIndexFileObject[F:\workspace\bigdata\lib\frameworkset-pool.jar(com/frameworkset/common/poolman/handle/NullRowHandler.class)]]
    [javac] [正在加载ZipFileIndexFileObject[F:\workspace\bigdata\lib\frameworkset-pool.jar(com/frameworkset/common/poolman/handle/BaseRowHandler.class)]]
    [javac] [正在加载ZipFileIndexFileObject[F:\workspace\bigdata\lib\frameworkset-pool.jar(com/frameworkset/common/poolman/handle/RowHandler.class)]]
    [javac] [已写入RegularFileObject[F:\workspace\bigdata\classes-bigdata\com\sany\bigdata\imp\WriteDataTask$1.class]]
    [javac] [已写入RegularFileObject[F:\workspace\bigdata\classes-bigdata\com\sany\bigdata\imp\WriteDataTask$2.class]]
    [javac] [已写入RegularFileObject[F:\workspace\bigdata\classes-bigdata\com\sany\bigdata\imp\WriteDataTask.class]]
    [javac] [共 733 毫秒]
    [javac] 注: F:\workspace\bigdata\src\com\sany\bigdata\imp\monitor\ImpStaticManager.java使用了未经检查或不安全的操作。
    [javac] 注: 有关详细信息, 请使用 -Xlint:unchecked 重新编译。
    [javac] 1 个警告

jar-bigdata:
     [echo] Generate the bigdata library frameworkset-util.jar ...
      [jar] Building jar: F:\workspace\bigdata\distrib\bigdata-impl.jar

run:
     [echo] copy depends liberarys ...
     [copy] Copying 40 files to F:\workspace\bigdata\distrib\run\lib
     [copy] Copying 1 file to F:\workspace\bigdata\distrib\run\lib
     [copy] Copying 21 files to F:\workspace\bigdata\distrib\run\resources
     [copy] Copying 8 files to F:\workspace\bigdata\distrib\run
     [echo] copy build/resources ...
     [copy] Copying 1 file to F:\workspace\bigdata\distrib\run\resources

distrib:
     [echo] Construct the distribution package...

complete:
   [delete] Deleting directory F:\workspace\bigdata\classes-bigdata

default:

BUILD SUCCESSFUL
Total time: 2 seconds
